[
  {
    "Execution Time": 2887.855,
    "Plan": {
      "Actual Loops": 1,
      "Actual Rows": 5,
      "Actual Startup Time": 2885.068,
      "Actual Total Time": 2887.381,
      "Async Capable": false,
      "Local Dirtied Blocks": 0,
      "Local Hit Blocks": 0,
      "Local Read Blocks": 0,
      "Local Written Blocks": 0,
      "Node Type": "Sort",
      "Output": [
        "nation.n_name",
        "(sum((lineitem.l_extendedprice * ('1'::numeric - lineitem.l_discount))))"
      ],
      "Parallel Aware": false,
      "Plan Rows": 170,
      "Plan Width": 136,
      "Plans": [
        {
          "Actual Loops": 1,
          "Actual Rows": 5,
          "Actual Startup Time": 2884.687,
          "Actual Total Time": 2887.36,
          "Async Capable": false,
          "Group Key": [
            "nation.n_name"
          ],
          "Local Dirtied Blocks": 0,
          "Local Hit Blocks": 0,
          "Local Read Blocks": 0,
          "Local Written Blocks": 0,
          "Node Type": "Aggregate",
          "Output": [
            "nation.n_name",
            "sum((lineitem.l_extendedprice * ('1'::numeric - lineitem.l_discount)))"
          ],
          "Parallel Aware": false,
          "Parent Relationship": "Outer",
          "Partial Mode": "Finalize",
          "Plan Rows": 170,
          "Plan Width": 136,
          "Plans": [
            {
              "Actual Loops": 1,
              "Actual Rows": 15,
              "Actual Startup Time": 2884.457,
              "Actual Total Time": 2887.343,
              "Async Capable": false,
              "Local Dirtied Blocks": 0,
              "Local Hit Blocks": 0,
              "Local Read Blocks": 0,
              "Local Written Blocks": 0,
              "Node Type": "Gather Merge",
              "Output": [
                "nation.n_name",
                "(PARTIAL sum((lineitem.l_extendedprice * ('1'::numeric - lineitem.l_discount))))"
              ],
              "Parallel Aware": false,
              "Parent Relationship": "Outer",
              "Plan Rows": 150,
              "Plan Width": 136,
              "Plans": [
                {
                  "Actual Loops": 3,
                  "Actual Rows": 5,
                  "Actual Startup Time": 2875.39,
                  "Actual Total Time": 2875.892,
                  "Async Capable": false,
                  "Group Key": [
                    "nation.n_name"
                  ],
                  "Local Dirtied Blocks": 0,
                  "Local Hit Blocks": 0,
                  "Local Read Blocks": 0,
                  "Local Written Blocks": 0,
                  "Node Type": "Aggregate",
                  "Output": [
                    "nation.n_name",
                    "PARTIAL sum((lineitem.l_extendedprice * ('1'::numeric - lineitem.l_discount)))"
                  ],
                  "Parallel Aware": false,
                  "Parent Relationship": "Outer",
                  "Partial Mode": "Partial",
                  "Plan Rows": 75,
                  "Plan Width": 136,
                  "Plans": [
                    {
                      "Actual Loops": 3,
                      "Actual Rows": 1964,
                      "Actual Startup Time": 2875.25,
                      "Actual Total Time": 2875.325,
                      "Async Capable": false,
                      "Local Dirtied Blocks": 0,
                      "Local Hit Blocks": 0,
                      "Local Read Blocks": 0,
                      "Local Written Blocks": 0,
                      "Node Type": "Sort",
                      "Output": [
                        "nation.n_name",
                        "lineitem.l_extendedprice",
                        "lineitem.l_discount"
                      ],
                      "Parallel Aware": false,
                      "Parent Relationship": "Outer",
                      "Plan Rows": 75,
                      "Plan Width": 116,
                      "Plans": [
                        {
                          "Actual Loops": 3,
                          "Actual Rows": 1964,
                          "Actual Startup Time": 131.286,
                          "Actual Total Time": 2851.774,
                          "Async Capable": false,
                          "Hash Cond": "((lineitem.l_suppkey = supplier.s_suppkey) AND (customer.c_nationkey = supplier.s_nationkey))",
                          "Inner Unique": true,
                          "Join Type": "Inner",
                          "Local Dirtied Blocks": 0,
                          "Local Hit Blocks": 0,
                          "Local Read Blocks": 0,
                          "Local Written Blocks": 0,
                          "Node Type": "Hash Join",
                          "Output": [
                            "nation.n_name",
                            "lineitem.l_extendedprice",
                            "lineitem.l_discount"
                          ],
                          "Parallel Aware": false,
                          "Parent Relationship": "Outer",
                          "Plan Rows": 75,
                          "Plan Width": 116,
                          "Plans": [
                            {
                              "Actual Loops": 3,
                              "Actual Rows": 55614,
                              "Actual Startup Time": 124.372,
                              "Actual Total Time": 2822.291,
                              "Async Capable": false,
                              "Inner Unique": false,
                              "Join Type": "Inner",
                              "Local Dirtied Blocks": 0,
                              "Local Hit Blocks": 0,
                              "Local Read Blocks": 0,
                              "Local Written Blocks": 0,
                              "Node Type": "Nested Loop",
                              "Output": [
                                "customer.c_nationkey",
                                "lineitem.l_extendedprice",
                                "lineitem.l_discount",
                                "lineitem.l_suppkey",
                                "nation.n_name",
                                "nation.n_nationkey"
                              ],
                              "Parallel Aware": false,
                              "Parent Relationship": "Outer",
                              "Plan Rows": 2059,
                              "Plan Width": 128,
                              "Plans": [
                                {
                                  "Actual Loops": 3,
                                  "Actual Rows": 13908,
                                  "Actual Startup Time": 123.695,
                                  "Actual Total Time": 797.947,
                                  "Async Capable": false,
                                  "Hash Cond": "(orders.o_custkey = customer.c_custkey)",
                                  "Inner Unique": false,
                                  "Join Type": "Inner",
                                  "Local Dirtied Blocks": 0,
                                  "Local Hit Blocks": 0,
                                  "Local Read Blocks": 0,
                                  "Local Written Blocks": 0,
                                  "Node Type": "Hash Join",
                                  "Output": [
                                    "customer.c_nationkey",
                                    "orders.o_orderkey",
                                    "nation.n_name",
                                    "nation.n_nationkey"
                                  ],
                                  "Parallel Aware": true,
                                  "Parent Relationship": "Outer",
                                  "Plan Rows": 515,
                                  "Plan Width": 116,
                                  "Plans": [
                                    {
                                      "Actual Loops": 3,
                                      "Actual Rows": 75866,
                                      "Actual Startup Time": 0.56,
                                      "Actual Total Time": 635.161,
                                      "Alias": "orders",
                                      "Async Capable": false,
                                      "Filter": "((orders.o_orderdate >= '1994-01-01'::date) AND (orders.o_orderdate < '1995-01-01'::date))",
                                      "Local Dirtied Blocks": 0,
                                      "Local Hit Blocks": 0,
                                      "Local Read Blocks": 0,
                                      "Local Written Blocks": 0,
                                      "Node Type": "Seq Scan",
                                      "Output": [
                                        "orders.o_orderkey",
                                        "orders.o_custkey",
                                        "orders.o_orderstatus",
                                        "orders.o_totalprice",
                                        "orders.o_orderdate",
                                        "orders.o_orderpriority",
                                        "orders.o_clerk",
                                        "orders.o_shippriority",
                                        "orders.o_comment"
                                      ],
                                      "Parallel Aware": true,
                                      "Parent Relationship": "Outer",
                                      "Plan Rows": 96515,
                                      "Plan Width": 8,
                                      "Relation Name": "orders",
                                      "Rows Removed by Filter": 424134,
                                      "Schema": "public",
                                      "Shared Dirtied Blocks": 0,
                                      "Shared Hit Blocks": 0,
                                      "Shared Read Blocks": 26136,
                                      "Shared Written Blocks": 0,
                                      "Startup Cost": 0.0,
                                      "Temp Read Blocks": 0,
                                      "Temp Written Blocks": 0,
                                      "Total Cost": 35511.0,
                                      "Workers": [
                                        {
                                          "Actual Loops": 1,
                                          "Actual Rows": 74097,
                                          "Actual Startup Time": 0.835,
                                          "Actual Total Time": 630.949,
                                          "Local Dirtied Blocks": 0,
                                          "Local Hit Blocks": 0,
                                          "Local Read Blocks": 0,
                                          "Local Written Blocks": 0,
                                          "Shared Dirtied Blocks": 0,
                                          "Shared Hit Blocks": 0,
                                          "Shared Read Blocks": 8557,
                                          "Shared Written Blocks": 0,
                                          "Temp Read Blocks": 0,
                                          "Temp Written Blocks": 0,
                                          "Worker Number": 0
                                        },
                                        {
                                          "Actual Loops": 1,
                                          "Actual Rows": 76732,
                                          "Actual Startup Time": 0.55,
                                          "Actual Total Time": 632.651,
                                          "Local Dirtied Blocks": 0,
                                          "Local Hit Blocks": 0,
                                          "Local Read Blocks": 0,
                                          "Local Written Blocks": 0,
                                          "Shared Dirtied Blocks": 0,
                                          "Shared Hit Blocks": 0,
                                          "Shared Read Blocks": 8810,
                                          "Shared Written Blocks": 0,
                                          "Temp Read Blocks": 0,
                                          "Temp Written Blocks": 0,
                                          "Worker Number": 1
                                        }
                                      ]
                                    },
                                    {
                                      "Actual Loops": 3,
                                      "Actual Rows": 9144,
                                      "Actual Startup Time": 123.072,
                                      "Actual Total Time": 123.074,
                                      "Async Capable": false,
                                      "Hash Batches": 1,
                                      "Hash Buckets": 32768,
                                      "Local Dirtied Blocks": 0,
                                      "Local Hit Blocks": 0,
                                      "Local Read Blocks": 0,
                                      "Local Written Blocks": 0,
                                      "Node Type": "Hash",
                                      "Original Hash Batches": 1,
                                      "Original Hash Buckets": 1024,
                                      "Output": [
                                        "customer.c_custkey",
                                        "customer.c_nationkey",
                                        "nation.n_name",
                                        "nation.n_nationkey"
                                      ],
                                      "Parallel Aware": true,
                                      "Parent Relationship": "Inner",
                                      "Peak Memory Usage": 2488,
                                      "Plan Rows": 333,
                                      "Plan Width": 116,
                                      "Plans": [
                                        {
                                          "Actual Loops": 3,
                                          "Actual Rows": 9144,
                                          "Actual Startup Time": 0.395,
                                          "Actual Total Time": 115.786,
                                          "Async Capable": false,
                                          "Hash Cond": "(customer.c_nationkey = nation.n_nationkey)",
                                          "Inner Unique": false,
                                          "Join Type": "Inner",
                                          "Local Dirtied Blocks": 0,
                                          "Local Hit Blocks": 0,
                                          "Local Read Blocks": 0,
                                          "Local Written Blocks": 0,
                                          "Node Type": "Hash Join",
                                          "Output": [
                                            "customer.c_custkey",
                                            "customer.c_nationkey",
                                            "nation.n_name",
                                            "nation.n_nationkey"
                                          ],
                                          "Parallel Aware": false,
                                          "Parent Relationship": "Outer",
                                          "Plan Rows": 333,
                                          "Plan Width": 116,
                                          "Plans": [
                                            {
                                              "Actual Loops": 3,
                                              "Actual Rows": 45390,
                                              "Actual Startup Time": 0.148,
                                              "Actual Total Time": 108.699,
                                              "Alias": "customer",
                                              "Async Capable": false,
                                              "Filter": "(customer.c_acctbal > '10'::numeric)",
                                              "Local Dirtied Blocks": 0,
                                              "Local Hit Blocks": 0,
                                              "Local Read Blocks": 0,
                                              "Local Written Blocks": 0,
                                              "Node Type": "Seq Scan",
                                              "Output": [
                                                "customer.c_custkey",
                                                "customer.c_name",
                                                "customer.c_address",
                                                "customer.c_nationkey",
                                                "customer.c_phone",
                                                "customer.c_acctbal",
                                                "customer.c_mktsegment",
                                                "customer.c_comment"
                                              ],
                                              "Parallel Aware": true,
                                              "Parent Relationship": "Outer",
                                              "Plan Rows": 56666,
                                              "Plan Width": 8,
                                              "Relation Name": "customer",
                                              "Rows Removed by Filter": 4610,
                                              "Schema": "public",
                                              "Shared Dirtied Blocks": 0,
                                              "Shared Hit Blocks": 0,
                                              "Shared Read Blocks": 3736,
                                              "Shared Written Blocks": 0,
                                              "Startup Cost": 0.0,
                                              "Temp Read Blocks": 0,
                                              "Temp Written Blocks": 0,
                                              "Total Cost": 4517.25,
                                              "Workers": [
                                                {
                                                  "Actual Loops": 1,
                                                  "Actual Rows": 42878,
                                                  "Actual Startup Time": 0.08,
                                                  "Actual Total Time": 108.28,
                                                  "Local Dirtied Blocks": 0,
                                                  "Local Hit Blocks": 0,
                                                  "Local Read Blocks": 0,
                                                  "Local Written Blocks": 0,
                                                  "Shared Dirtied Blocks": 0,
                                                  "Shared Hit Blocks": 0,
                                                  "Shared Read Blocks": 1175,
                                                  "Shared Written Blocks": 0,
                                                  "Temp Read Blocks": 0,
                                                  "Temp Written Blocks": 0,
                                                  "Worker Number": 0
                                                },
                                                {
                                                  "Actual Loops": 1,
                                                  "Actual Rows": 45371,
                                                  "Actual Startup Time": 0.102,
                                                  "Actual Total Time": 108.881,
                                                  "Local Dirtied Blocks": 0,
                                                  "Local Hit Blocks": 0,
                                                  "Local Read Blocks": 0,
                                                  "Local Written Blocks": 0,
                                                  "Shared Dirtied Blocks": 0,
                                                  "Shared Hit Blocks": 0,
                                                  "Shared Read Blocks": 1245,
                                                  "Shared Written Blocks": 0,
                                                  "Temp Read Blocks": 0,
                                                  "Temp Written Blocks": 0,
                                                  "Worker Number": 1
                                                }
                                              ]
                                            },
                                            {
                                              "Actual Loops": 3,
                                              "Actual Rows": 5,
                                              "Actual Startup Time": 0.227,
                                              "Actual Total Time": 0.229,
                                              "Async Capable": false,
                                              "Hash Batches": 1,
                                              "Hash Buckets": 1024,
                                              "Local Dirtied Blocks": 0,
                                              "Local Hit Blocks": 0,
                                              "Local Read Blocks": 0,
                                              "Local Written Blocks": 0,
                                              "Node Type": "Hash",
                                              "Original Hash Batches": 1,
                                              "Original Hash Buckets": 1024,
                                              "Output": [
                                                "nation.n_name",
                                                "nation.n_nationkey"
                                              ],
                                              "Parallel Aware": false,
                                              "Parent Relationship": "Inner",
                                              "Peak Memory Usage": 9,
                                              "Plan Rows": 1,
                                              "Plan Width": 108,
                                              "Plans": [
                                                {
                                                  "Actual Loops": 3,
                                                  "Actual Rows": 5,
                                                  "Actual Startup Time": 0.219,
                                                  "Actual Total Time": 0.224,
                                                  "Async Capable": false,
                                                  "Hash Cond": "(nation.n_regionkey = region.r_regionkey)",
                                                  "Inner Unique": true,
                                                  "Join Type": "Inner",
                                                  "Local Dirtied Blocks": 0,
                                                  "Local Hit Blocks": 0,
                                                  "Local Read Blocks": 0,
                                                  "Local Written Blocks": 0,
                                                  "Node Type": "Hash Join",
                                                  "Output": [
                                                    "nation.n_name",
                                                    "nation.n_nationkey"
                                                  ],
                                                  "Parallel Aware": false,
                                                  "Parent Relationship": "Outer",
                                                  "Plan Rows": 1,
                                                  "Plan Width": 108,
                                                  "Plans": [
                                                    {
                                                      "Actual Loops": 3,
                                                      "Actual Rows": 25,
                                                      "Actual Startup Time": 0.112,
                                                      "Actual Total Time": 0.113,
                                                      "Alias": "nation",
                                                      "Async Capable": false,
                                                      "Local Dirtied Blocks": 0,
                                                      "Local Hit Blocks": 0,
                                                      "Local Read Blocks": 0,
                                                      "Local Written Blocks": 0,
                                                      "Node Type": "Seq Scan",
                                                      "Output": [
                                                        "nation.n_nationkey",
                                                        "nation.n_name",
                                                        "nation.n_regionkey",
                                                        "nation.n_comment"
                                                      ],
                                                      "Parallel Aware": false,
                                                      "Parent Relationship": "Outer",
                                                      "Plan Rows": 170,
                                                      "Plan Width": 112,
                                                      "Relation Name": "nation",
                                                      "Schema": "public",
                                                      "Shared Dirtied Blocks": 0,
                                                      "Shared Hit Blocks": 2,
                                                      "Shared Read Blocks": 1,
                                                      "Shared Written Blocks": 0,
                                                      "Startup Cost": 0.0,
                                                      "Temp Read Blocks": 0,
                                                      "Temp Written Blocks": 0,
                                                      "Total Cost": 11.7,
                                                      "Workers": [
                                                        {
                                                          "Actual Loops": 1,
                                                          "Actual Rows": 25,
                                                          "Actual Startup Time": 0.043,
                                                          "Actual Total Time": 0.045,
                                                          "Local Dirtied Blocks": 0,
                                                          "Local Hit Blocks": 0,
                                                          "Local Read Blocks": 0,
                                                          "Local Written Blocks": 0,
                                                          "Shared Dirtied Blocks": 0,
                                                          "Shared Hit Blocks": 1,
                                                          "Shared Read Blocks": 0,
                                                          "Shared Written Blocks": 0,
                                                          "Temp Read Blocks": 0,
                                                          "Temp Written Blocks": 0,
                                                          "Worker Number": 0
                                                        },
                                                        {
                                                          "Actual Loops": 1,
                                                          "Actual Rows": 25,
                                                          "Actual Startup Time": 0.078,
                                                          "Actual Total Time": 0.08,
                                                          "Local Dirtied Blocks": 0,
                                                          "Local Hit Blocks": 0,
                                                          "Local Read Blocks": 0,
                                                          "Local Written Blocks": 0,
                                                          "Shared Dirtied Blocks": 0,
                                                          "Shared Hit Blocks": 1,
                                                          "Shared Read Blocks": 0,
                                                          "Shared Written Blocks": 0,
                                                          "Temp Read Blocks": 0,
                                                          "Temp Written Blocks": 0,
                                                          "Worker Number": 1
                                                        }
                                                      ]
                                                    },
                                                    {
                                                      "Actual Loops": 3,
                                                      "Actual Rows": 1,
                                                      "Actual Startup Time": 0.092,
                                                      "Actual Total Time": 0.092,
                                                      "Async Capable": false,
                                                      "Hash Batches": 1,
                                                      "Hash Buckets": 1024,
                                                      "Local Dirtied Blocks": 0,
                                                      "Local Hit Blocks": 0,
                                                      "Local Read Blocks": 0,
                                                      "Local Written Blocks": 0,
                                                      "Node Type": "Hash",
                                                      "Original Hash Batches": 1,
                                                      "Original Hash Buckets": 1024,
                                                      "Output": [
                                                        "region.r_regionkey"
                                                      ],
                                                      "Parallel Aware": false,
                                                      "Parent Relationship": "Inner",
                                                      "Peak Memory Usage": 9,
                                                      "Plan Rows": 1,
                                                      "Plan Width": 4,
                                                      "Plans": [
                                                        {
                                                          "Actual Loops": 3,
                                                          "Actual Rows": 1,
                                                          "Actual Startup Time": 0.082,
                                                          "Actual Total Time": 0.083,
                                                          "Alias": "region",
                                                          "Async Capable": false,
                                                          "Filter": "(region.r_name = 'ASIA'::bpchar)",
                                                          "Local Dirtied Blocks": 0,
                                                          "Local Hit Blocks": 0,
                                                          "Local Read Blocks": 0,
                                                          "Local Written Blocks": 0,
                                                          "Node Type": "Seq Scan",
                                                          "Output": [
                                                            "region.r_regionkey"
                                                          ],
                                                          "Parallel Aware": false,
                                                          "Parent Relationship": "Outer",
                                                          "Plan Rows": 1,
                                                          "Plan Width": 4,
                                                          "Relation Name": "region",
                                                          "Rows Removed by Filter": 4,
                                                          "Schema": "public",
                                                          "Shared Dirtied Blocks": 0,
                                                          "Shared Hit Blocks": 2,
                                                          "Shared Read Blocks": 1,
                                                          "Shared Written Blocks": 0,
                                                          "Startup Cost": 0.0,
                                                          "Temp Read Blocks": 0,
                                                          "Temp Written Blocks": 0,
                                                          "Total Cost": 12.12,
                                                          "Workers": [
                                                            {
                                                              "Actual Loops": 1,
                                                              "Actual Rows": 1,
                                                              "Actual Startup Time": 0.032,
                                                              "Actual Total Time": 0.033,
                                                              "Local Dirtied Blocks": 0,
                                                              "Local Hit Blocks": 0,
                                                              "Local Read Blocks": 0,
                                                              "Local Written Blocks": 0,
                                                              "Shared Dirtied Blocks": 0,
                                                              "Shared Hit Blocks": 1,
                                                              "Shared Read Blocks": 0,
                                                              "Shared Written Blocks": 0,
                                                              "Temp Read Blocks": 0,
                                                              "Temp Written Blocks": 0,
                                                              "Worker Number": 0
                                                            },
                                                            {
                                                              "Actual Loops": 1,
                                                              "Actual Rows": 1,
                                                              "Actual Startup Time": 0.034,
                                                              "Actual Total Time": 0.035,
                                                              "Local Dirtied Blocks": 0,
                                                              "Local Hit Blocks": 0,
                                                              "Local Read Blocks": 0,
                                                              "Local Written Blocks": 0,
                                                              "Shared Dirtied Blocks": 0,
                                                              "Shared Hit Blocks": 1,
                                                              "Shared Read Blocks": 0,
                                                              "Shared Written Blocks": 0,
                                                              "Temp Read Blocks": 0,
                                                              "Temp Written Blocks": 0,
                                                              "Worker Number": 1
                                                            }
                                                          ]
                                                        }
                                                      ],
                                                      "Shared Dirtied Blocks": 0,
                                                      "Shared Hit Blocks": 2,
                                                      "Shared Read Blocks": 1,
                                                      "Shared Written Blocks": 0,
                                                      "Startup Cost": 12.12,
                                                      "Temp Read Blocks": 0,
                                                      "Temp Written Blocks": 0,
                                                      "Total Cost": 12.12,
                                                      "Workers": [
                                                        {
                                                          "Actual Loops": 1,
                                                          "Actual Rows": 1,
                                                          "Actual Startup Time": 0.036,
                                                          "Actual Total Time": 0.037,
                                                          "Local Dirtied Blocks": 0,
                                                          "Local Hit Blocks": 0,
                                                          "Local Read Blocks": 0,
                                                          "Local Written Blocks": 0,
                                                          "Shared Dirtied Blocks": 0,
                                                          "Shared Hit Blocks": 1,
                                                          "Shared Read Blocks": 0,
                                                          "Shared Written Blocks": 0,
                                                          "Temp Read Blocks": 0,
                                                          "Temp Written Blocks": 0,
                                                          "Worker Number": 0
                                                        },
                                                        {
                                                          "Actual Loops": 1,
                                                          "Actual Rows": 1,
                                                          "Actual Startup Time": 0.05,
                                                          "Actual Total Time": 0.051,
                                                          "Local Dirtied Blocks": 0,
                                                          "Local Hit Blocks": 0,
                                                          "Local Read Blocks": 0,
                                                          "Local Written Blocks": 0,
                                                          "Shared Dirtied Blocks": 0,
                                                          "Shared Hit Blocks": 1,
                                                          "Shared Read Blocks": 0,
                                                          "Shared Written Blocks": 0,
                                                          "Temp Read Blocks": 0,
                                                          "Temp Written Blocks": 0,
                                                          "Worker Number": 1
                                                        }
                                                      ]
                                                    }
                                                  ],
                                                  "Shared Dirtied Blocks": 0,
                                                  "Shared Hit Blocks": 4,
                                                  "Shared Read Blocks": 2,
                                                  "Shared Written Blocks": 0,
                                                  "Startup Cost": 12.14,
                                                  "Temp Read Blocks": 0,
                                                  "Temp Written Blocks": 0,
                                                  "Total Cost": 24.29,
                                                  "Workers": [
                                                    {
                                                      "Actual Loops": 1,
                                                      "Actual Rows": 5,
                                                      "Actual Startup Time": 0.094,
                                                      "Actual Total Time": 0.099,
                                                      "Local Dirtied Blocks": 0,
                                                      "Local Hit Blocks": 0,
                                                      "Local Read Blocks": 0,
                                                      "Local Written Blocks": 0,
                                                      "Shared Dirtied Blocks": 0,
                                                      "Shared Hit Blocks": 2,
                                                      "Shared Read Blocks": 0,
                                                      "Shared Written Blocks": 0,
                                                      "Temp Read Blocks": 0,
                                                      "Temp Written Blocks": 0,
                                                      "Worker Number": 0
                                                    },
                                                    {
                                                      "Actual Loops": 1,
                                                      "Actual Rows": 5,
                                                      "Actual Startup Time": 0.139,
                                                      "Actual Total Time": 0.144,
                                                      "Local Dirtied Blocks": 0,
                                                      "Local Hit Blocks": 0,
                                                      "Local Read Blocks": 0,
                                                      "Local Written Blocks": 0,
                                                      "Shared Dirtied Blocks": 0,
                                                      "Shared Hit Blocks": 2,
                                                      "Shared Read Blocks": 0,
                                                      "Shared Written Blocks": 0,
                                                      "Temp Read Blocks": 0,
                                                      "Temp Written Blocks": 0,
                                                      "Worker Number": 1
                                                    }
                                                  ]
                                                }
                                              ],
                                              "Shared Dirtied Blocks": 0,
                                              "Shared Hit Blocks": 4,
                                              "Shared Read Blocks": 2,
                                              "Shared Written Blocks": 0,
                                              "Startup Cost": 24.29,
                                              "Temp Read Blocks": 0,
                                              "Temp Written Blocks": 0,
                                              "Total Cost": 24.29,
                                              "Workers": [
                                                {
                                                  "Actual Loops": 1,
                                                  "Actual Rows": 5,
                                                  "Actual Startup Time": 0.101,
                                                  "Actual Total Time": 0.103,
                                                  "Local Dirtied Blocks": 0,
                                                  "Local Hit Blocks": 0,
                                                  "Local Read Blocks": 0,
                                                  "Local Written Blocks": 0,
                                                  "Shared Dirtied Blocks": 0,
                                                  "Shared Hit Blocks": 2,
                                                  "Shared Read Blocks": 0,
                                                  "Shared Written Blocks": 0,
                                                  "Temp Read Blocks": 0,
                                                  "Temp Written Blocks": 0,
                                                  "Worker Number": 0
                                                },
                                                {
                                                  "Actual Loops": 1,
                                                  "Actual Rows": 5,
                                                  "Actual Startup Time": 0.146,
                                                  "Actual Total Time": 0.148,
                                                  "Local Dirtied Blocks": 0,
                                                  "Local Hit Blocks": 0,
                                                  "Local Read Blocks": 0,
                                                  "Local Written Blocks": 0,
                                                  "Shared Dirtied Blocks": 0,
                                                  "Shared Hit Blocks": 2,
                                                  "Shared Read Blocks": 0,
                                                  "Shared Written Blocks": 0,
                                                  "Temp Read Blocks": 0,
                                                  "Temp Written Blocks": 0,
                                                  "Worker Number": 1
                                                }
                                              ]
                                            }
                                          ],
                                          "Shared Dirtied Blocks": 0,
                                          "Shared Hit Blocks": 4,
                                          "Shared Read Blocks": 3738,
                                          "Shared Written Blocks": 0,
                                          "Startup Cost": 24.31,
                                          "Temp Read Blocks": 0,
                                          "Temp Written Blocks": 0,
                                          "Total Cost": 4757.38,
                                          "Workers": [
                                            {
                                              "Actual Loops": 1,
                                              "Actual Rows": 8614,
                                              "Actual Startup Time": 0.191,
                                              "Actual Total Time": 115.645,
                                              "Local Dirtied Blocks": 0,
                                              "Local Hit Blocks": 0,
                                              "Local Read Blocks": 0,
                                              "Local Written Blocks": 0,
                                              "Shared Dirtied Blocks": 0,
                                              "Shared Hit Blocks": 2,
                                              "Shared Read Blocks": 1175,
                                              "Shared Written Blocks": 0,
                                              "Temp Read Blocks": 0,
                                              "Temp Written Blocks": 0,
                                              "Worker Number": 0
                                            },
                                            {
                                              "Actual Loops": 1,
                                              "Actual Rows": 9172,
                                              "Actual Startup Time": 0.273,
                                              "Actual Total Time": 115.597,
                                              "Local Dirtied Blocks": 0,
                                              "Local Hit Blocks": 0,
                                              "Local Read Blocks": 0,
                                              "Local Written Blocks": 0,
                                              "Shared Dirtied Blocks": 0,
                                              "Shared Hit Blocks": 2,
                                              "Shared Read Blocks": 1245,
                                              "Shared Written Blocks": 0,
                                              "Temp Read Blocks": 0,
                                              "Temp Written Blocks": 0,
                                              "Worker Number": 1
                                            }
                                          ]
                                        }
                                      ],
                                      "Shared Dirtied Blocks": 0,
                                      "Shared Hit Blocks": 4,
                                      "Shared Read Blocks": 3738,
                                      "Shared Written Blocks": 0,
                                      "Startup Cost": 4757.38,
                                      "Temp Read Blocks": 0,
                                      "Temp Written Blocks": 0,
                                      "Total Cost": 4757.38,
                                      "Workers": [
                                        {
                                          "Actual Loops": 1,
                                          "Actual Rows": 8614,
                                          "Actual Startup Time": 121.096,
                                          "Actual Total Time": 121.098,
                                          "Local Dirtied Blocks": 0,
                                          "Local Hit Blocks": 0,
                                          "Local Read Blocks": 0,
                                          "Local Written Blocks": 0,
                                          "Shared Dirtied Blocks": 0,
                                          "Shared Hit Blocks": 2,
                                          "Shared Read Blocks": 1175,
                                          "Shared Written Blocks": 0,
                                          "Temp Read Blocks": 0,
                                          "Temp Written Blocks": 0,
                                          "Worker Number": 0
                                        },
                                        {
                                          "Actual Loops": 1,
                                          "Actual Rows": 9172,
                                          "Actual Startup Time": 121.086,
                                          "Actual Total Time": 121.088,
                                          "Local Dirtied Blocks": 0,
                                          "Local Hit Blocks": 0,
                                          "Local Read Blocks": 0,
                                          "Local Written Blocks": 0,
                                          "Shared Dirtied Blocks": 0,
                                          "Shared Hit Blocks": 2,
                                          "Shared Read Blocks": 1245,
                                          "Shared Written Blocks": 0,
                                          "Temp Read Blocks": 0,
                                          "Temp Written Blocks": 0,
                                          "Worker Number": 1
                                        }
                                      ]
                                    }
                                  ],
                                  "Shared Dirtied Blocks": 0,
                                  "Shared Hit Blocks": 4,
                                  "Shared Read Blocks": 29874,
                                  "Shared Written Blocks": 0,
                                  "Startup Cost": 4761.55,
                                  "Temp Read Blocks": 0,
                                  "Temp Written Blocks": 0,
                                  "Total Cost": 40636.62,
                                  "Workers": [
                                    {
                                      "Actual Loops": 1,
                                      "Actual Rows": 13700,
                                      "Actual Startup Time": 121.96,
                                      "Actual Total Time": 791.034,
                                      "Local Dirtied Blocks": 0,
                                      "Local Hit Blocks": 0,
                                      "Local Read Blocks": 0,
                                      "Local Written Blocks": 0,
                                      "Shared Dirtied Blocks": 0,
                                      "Shared Hit Blocks": 2,
                                      "Shared Read Blocks": 9732,
                                      "Shared Written Blocks": 0,
                                      "Temp Read Blocks": 0,
                                      "Temp Written Blocks": 0,
                                      "Worker Number": 0
                                    },
                                    {
                                      "Actual Loops": 1,
                                      "Actual Rows": 13926,
                                      "Actual Startup Time": 121.689,
                                      "Actual Total Time": 793.892,
                                      "Local Dirtied Blocks": 0,
                                      "Local Hit Blocks": 0,
                                      "Local Read Blocks": 0,
                                      "Local Written Blocks": 0,
                                      "Shared Dirtied Blocks": 0,
                                      "Shared Hit Blocks": 2,
                                      "Shared Read Blocks": 10055,
                                      "Shared Written Blocks": 0,
                                      "Temp Read Blocks": 0,
                                      "Temp Written Blocks": 0,
                                      "Worker Number": 1
                                    }
                                  ]
                                },
                                {
                                  "Actual Loops": 41724,
                                  "Actual Rows": 4,
                                  "Actual Startup Time": 0.141,
                                  "Actual Total Time": 0.145,
                                  "Alias": "lineitem",
                                  "Async Capable": false,
                                  "Index Cond": "(lineitem.l_orderkey = orders.o_orderkey)",
                                  "Index Name": "lineitem_pkey",
                                  "Local Dirtied Blocks": 0,
                                  "Local Hit Blocks": 0,
                                  "Local Read Blocks": 0,
                                  "Local Written Blocks": 0,
                                  "Node Type": "Index Scan",
                                  "Output": [
                                    "lineitem.l_orderkey",
                                    "lineitem.l_partkey",
                                    "lineitem.l_suppkey",
                                    "lineitem.l_linenumber",
                                    "lineitem.l_quantity",
                                    "lineitem.l_extendedprice",
                                    "lineitem.l_discount",
                                    "lineitem.l_tax",
                                    "lineitem.l_returnflag",
                                    "lineitem.l_linestatus",
                                    "lineitem.l_shipdate",
                                    "lineitem.l_commitdate",
                                    "lineitem.l_receiptdate",
                                    "lineitem.l_shipinstruct",
                                    "lineitem.l_shipmode",
                                    "lineitem.l_comment"
                                  ],
                                  "Parallel Aware": false,
                                  "Parent Relationship": "Inner",
                                  "Plan Rows": 15,
                                  "Plan Width": 20,
                                  "Relation Name": "lineitem",
                                  "Rows Removed by Index Recheck": 0,
                                  "Scan Direction": "Forward",
                                  "Schema": "public",
                                  "Shared Dirtied Blocks": 0,
                                  "Shared Hit Blocks": 115633,
                                  "Shared Read Blocks": 56172,
                                  "Shared Written Blocks": 0,
                                  "Startup Cost": 0.43,
                                  "Temp Read Blocks": 0,
                                  "Temp Written Blocks": 0,
                                  "Total Cost": 3.04,
                                  "Workers": [
                                    {
                                      "Actual Loops": 13700,
                                      "Actual Rows": 4,
                                      "Actual Startup Time": 0.143,
                                      "Actual Total Time": 0.146,
                                      "Local Dirtied Blocks": 0,
                                      "Local Hit Blocks": 0,
                                      "Local Read Blocks": 0,
                                      "Local Written Blocks": 0,
                                      "Shared Dirtied Blocks": 0,
                                      "Shared Hit Blocks": 38027,
                                      "Shared Read Blocks": 18433,
                                      "Shared Written Blocks": 0,
                                      "Temp Read Blocks": 0,
                                      "Temp Written Blocks": 0,
                                      "Worker Number": 0
                                    },
                                    {
                                      "Actual Loops": 13926,
                                      "Actual Rows": 4,
                                      "Actual Startup Time": 0.141,
                                      "Actual Total Time": 0.144,
                                      "Local Dirtied Blocks": 0,
                                      "Local Hit Blocks": 0,
                                      "Local Read Blocks": 0,
                                      "Local Written Blocks": 0,
                                      "Shared Dirtied Blocks": 0,
                                      "Shared Hit Blocks": 38575,
                                      "Shared Read Blocks": 18762,
                                      "Shared Written Blocks": 0,
                                      "Temp Read Blocks": 0,
                                      "Temp Written Blocks": 0,
                                      "Worker Number": 1
                                    }
                                  ]
                                }
                              ],
                              "Shared Dirtied Blocks": 0,
                              "Shared Hit Blocks": 115637,
                              "Shared Read Blocks": 86046,
                              "Shared Written Blocks": 0,
                              "Startup Cost": 4761.98,
                              "Temp Read Blocks": 0,
                              "Temp Written Blocks": 0,
                              "Total Cost": 42278.58,
                              "Workers": [
                                {
                                  "Actual Loops": 1,
                                  "Actual Rows": 55012,
                                  "Actual Startup Time": 122.244,
                                  "Actual Total Time": 2809.721,
                                  "Local Dirtied Blocks": 0,
                                  "Local Hit Blocks": 0,
                                  "Local Read Blocks": 0,
                                  "Local Written Blocks": 0,
                                  "Shared Dirtied Blocks": 0,
                                  "Shared Hit Blocks": 38029,
                                  "Shared Read Blocks": 28165,
                                  "Shared Written Blocks": 0,
                                  "Temp Read Blocks": 0,
                                  "Temp Written Blocks": 0,
                                  "Worker Number": 0
                                },
                                {
                                  "Actual Loops": 1,
                                  "Actual Rows": 55439,
                                  "Actual Startup Time": 122.545,
                                  "Actual Total Time": 2820.067,
                                  "Local Dirtied Blocks": 0,
                                  "Local Hit Blocks": 0,
                                  "Local Read Blocks": 0,
                                  "Local Written Blocks": 0,
                                  "Shared Dirtied Blocks": 0,
                                  "Shared Hit Blocks": 38577,
                                  "Shared Read Blocks": 28817,
                                  "Shared Written Blocks": 0,
                                  "Temp Read Blocks": 0,
                                  "Temp Written Blocks": 0,
                                  "Worker Number": 1
                                }
                              ]
                            },
                            {
                              "Actual Loops": 3,
                              "Actual Rows": 9081,
                              "Actual Startup Time": 5.919,
                              "Actual Total Time": 5.919,
                              "Async Capable": false,
                              "Hash Batches": 1,
                              "Hash Buckets": 16384,
                              "Local Dirtied Blocks": 0,
                              "Local Hit Blocks": 0,
                              "Local Read Blocks": 0,
                              "Local Written Blocks": 0,
                              "Node Type": "Hash",
                              "Original Hash Batches": 1,
                              "Original Hash Buckets": 16384,
                              "Output": [
                                "supplier.s_suppkey",
                                "supplier.s_nationkey"
                              ],
                              "Parallel Aware": false,
                              "Parent Relationship": "Inner",
                              "Peak Memory Usage": 483,
                              "Plan Rows": 9089,
                              "Plan Width": 8,
                              "Plans": [
                                {
                                  "Actual Loops": 3,
                                  "Actual Rows": 9081,
                                  "Actual Startup Time": 0.143,
                                  "Actual Total Time": 4.371,
                                  "Alias": "supplier",
                                  "Async Capable": false,
                                  "Filter": "(supplier.s_acctbal > '20'::numeric)",
                                  "Local Dirtied Blocks": 0,
                                  "Local Hit Blocks": 0,
                                  "Local Read Blocks": 0,
                                  "Local Written Blocks": 0,
                                  "Node Type": "Seq Scan",
                                  "Output": [
                                    "supplier.s_suppkey",
                                    "supplier.s_nationkey"
                                  ],
                                  "Parallel Aware": false,
                                  "Parent Relationship": "Outer",
                                  "Plan Rows": 9089,
                                  "Plan Width": 8,
                                  "Relation Name": "supplier",
                                  "Rows Removed by Filter": 919,
                                  "Schema": "public",
                                  "Shared Dirtied Blocks": 0,
                                  "Shared Hit Blocks": 446,
                                  "Shared Read Blocks": 223,
                                  "Shared Written Blocks": 0,
                                  "Startup Cost": 0.0,
                                  "Temp Read Blocks": 0,
                                  "Temp Written Blocks": 0,
                                  "Total Cost": 348.0,
                                  "Workers": [
                                    {
                                      "Actual Loops": 1,
                                      "Actual Rows": 9081,
                                      "Actual Startup Time": 0.091,
                                      "Actual Total Time": 2.985,
                                      "Local Dirtied Blocks": 0,
                                      "Local Hit Blocks": 0,
                                      "Local Read Blocks": 0,
                                      "Local Written Blocks": 0,
                                      "Shared Dirtied Blocks": 0,
                                      "Shared Hit Blocks": 223,
                                      "Shared Read Blocks": 0,
                                      "Shared Written Blocks": 0,
                                      "Temp Read Blocks": 0,
                                      "Temp Written Blocks": 0,
                                      "Worker Number": 0
                                    },
                                    {
                                      "Actual Loops": 1,
                                      "Actual Rows": 9081,
                                      "Actual Startup Time": 0.093,
                                      "Actual Total Time": 2.976,
                                      "Local Dirtied Blocks": 0,
                                      "Local Hit Blocks": 0,
                                      "Local Read Blocks": 0,
                                      "Local Written Blocks": 0,
                                      "Shared Dirtied Blocks": 0,
                                      "Shared Hit Blocks": 223,
                                      "Shared Read Blocks": 0,
                                      "Shared Written Blocks": 0,
                                      "Temp Read Blocks": 0,
                                      "Temp Written Blocks": 0,
                                      "Worker Number": 1
                                    }
                                  ]
                                }
                              ],
                              "Shared Dirtied Blocks": 0,
                              "Shared Hit Blocks": 446,
                              "Shared Read Blocks": 223,
                              "Shared Written Blocks": 0,
                              "Startup Cost": 348.0,
                              "Temp Read Blocks": 0,
                              "Temp Written Blocks": 0,
                              "Total Cost": 348.0,
                              "Workers": [
                                {
                                  "Actual Loops": 1,
                                  "Actual Rows": 9081,
                                  "Actual Startup Time": 4.26,
                                  "Actual Total Time": 4.26,
                                  "Local Dirtied Blocks": 0,
                                  "Local Hit Blocks": 0,
                                  "Local Read Blocks": 0,
                                  "Local Written Blocks": 0,
                                  "Shared Dirtied Blocks": 0,
                                  "Shared Hit Blocks": 223,
                                  "Shared Read Blocks": 0,
                                  "Shared Written Blocks": 0,
                                  "Temp Read Blocks": 0,
                                  "Temp Written Blocks": 0,
                                  "Worker Number": 0
                                },
                                {
                                  "Actual Loops": 1,
                                  "Actual Rows": 9081,
                                  "Actual Startup Time": 4.253,
                                  "Actual Total Time": 4.254,
                                  "Local Dirtied Blocks": 0,
                                  "Local Hit Blocks": 0,
                                  "Local Read Blocks": 0,
                                  "Local Written Blocks": 0,
                                  "Shared Dirtied Blocks": 0,
                                  "Shared Hit Blocks": 223,
                                  "Shared Read Blocks": 0,
                                  "Shared Written Blocks": 0,
                                  "Temp Read Blocks": 0,
                                  "Temp Written Blocks": 0,
                                  "Worker Number": 1
                                }
                              ]
                            }
                          ],
                          "Shared Dirtied Blocks": 0,
                          "Shared Hit Blocks": 116111,
                          "Shared Read Blocks": 86269,
                          "Shared Written Blocks": 0,
                          "Startup Cost": 5246.31,
                          "Temp Read Blocks": 0,
                          "Temp Written Blocks": 0,
                          "Total Cost": 42773.73,
                          "Workers": [
                            {
                              "Actual Loops": 1,
                              "Actual Rows": 1904,
                              "Actual Startup Time": 128.177,
                              "Actual Total Time": 2837.27,
                              "Local Dirtied Blocks": 0,
                              "Local Hit Blocks": 0,
                              "Local Read Blocks": 0,
                              "Local Written Blocks": 0,
                              "Shared Dirtied Blocks": 0,
                              "Shared Hit Blocks": 38266,
                              "Shared Read Blocks": 28165,
                              "Shared Written Blocks": 0,
                              "Temp Read Blocks": 0,
                              "Temp Written Blocks": 0,
                              "Worker Number": 0
                            },
                            {
                              "Actual Loops": 1,
                              "Actual Rows": 2005,
                              "Actual Startup Time": 126.865,
                              "Actual Total Time": 2848.052,
                              "Local Dirtied Blocks": 0,
                              "Local Hit Blocks": 0,
                              "Local Read Blocks": 0,
                              "Local Written Blocks": 0,
                              "Shared Dirtied Blocks": 0,
                              "Shared Hit Blocks": 38814,
                              "Shared Read Blocks": 28817,
                              "Shared Written Blocks": 0,
                              "Temp Read Blocks": 0,
                              "Temp Written Blocks": 0,
                              "Worker Number": 1
                            }
                          ]
                        }
                      ],
                      "Shared Dirtied Blocks": 0,
                      "Shared Hit Blocks": 116125,
                      "Shared Read Blocks": 86269,
                      "Shared Written Blocks": 0,
                      "Sort Key": [
                        "nation.n_name"
                      ],
                      "Sort Method": "quicksort",
                      "Sort Space Type": "Memory",
                      "Sort Space Used": 173,
                      "Startup Cost": 42776.06,
                      "Temp Read Blocks": 0,
                      "Temp Written Blocks": 0,
                      "Total Cost": 42776.25,
                      "Workers": [
                        {
                          "Actual Loops": 1,
                          "Actual Rows": 1904,
                          "Actual Startup Time": 2871.694,
                          "Actual Total Time": 2871.764,
                          "Local Dirtied Blocks": 0,
                          "Local Hit Blocks": 0,
                          "Local Read Blocks": 0,
                          "Local Written Blocks": 0,
                          "Shared Dirtied Blocks": 0,
                          "Shared Hit Blocks": 38273,
                          "Shared Read Blocks": 28165,
                          "Shared Written Blocks": 0,
                          "Sort Method": "quicksort",
                          "Sort Space Type": "Memory",
                          "Sort Space Used": 168,
                          "Temp Read Blocks": 0,
                          "Temp Written Blocks": 0,
                          "Worker Number": 0
                        },
                        {
                          "Actual Loops": 1,
                          "Actual Rows": 2005,
                          "Actual Startup Time": 2871.535,
                          "Actual Total Time": 2871.61,
                          "Local Dirtied Blocks": 0,
                          "Local Hit Blocks": 0,
                          "Local Read Blocks": 0,
                          "Local Written Blocks": 0,
                          "Shared Dirtied Blocks": 0,
                          "Shared Hit Blocks": 38821,
                          "Shared Read Blocks": 28817,
                          "Shared Written Blocks": 0,
                          "Sort Method": "quicksort",
                          "Sort Space Type": "Memory",
                          "Sort Space Used": 174,
                          "Temp Read Blocks": 0,
                          "Temp Written Blocks": 0,
                          "Worker Number": 1
                        }
                      ]
                    }
                  ],
                  "Shared Dirtied Blocks": 0,
                  "Shared Hit Blocks": 116125,
                  "Shared Read Blocks": 86269,
                  "Shared Written Blocks": 0,
                  "Startup Cost": 42776.06,
                  "Strategy": "Sorted",
                  "Temp Read Blocks": 0,
                  "Temp Written Blocks": 0,
                  "Total Cost": 42777.94,
                  "Workers": [
                    {
                      "Actual Loops": 1,
                      "Actual Rows": 5,
                      "Actual Startup Time": 2871.819,
                      "Actual Total Time": 2872.273,
                      "Local Dirtied Blocks": 0,
                      "Local Hit Blocks": 0,
                      "Local Read Blocks": 0,
                      "Local Written Blocks": 0,
                      "Shared Dirtied Blocks": 0,
                      "Shared Hit Blocks": 38273,
                      "Shared Read Blocks": 28165,
                      "Shared Written Blocks": 0,
                      "Temp Read Blocks": 0,
                      "Temp Written Blocks": 0,
                      "Worker Number": 0
                    },
                    {
                      "Actual Loops": 1,
                      "Actual Rows": 5,
                      "Actual Startup Time": 2871.682,
                      "Actual Total Time": 2872.157,
                      "Local Dirtied Blocks": 0,
                      "Local Hit Blocks": 0,
                      "Local Read Blocks": 0,
                      "Local Written Blocks": 0,
                      "Shared Dirtied Blocks": 0,
                      "Shared Hit Blocks": 38821,
                      "Shared Read Blocks": 28817,
                      "Shared Written Blocks": 0,
                      "Temp Read Blocks": 0,
                      "Temp Written Blocks": 0,
                      "Worker Number": 1
                    }
                  ]
                }
              ],
              "Shared Dirtied Blocks": 0,
              "Shared Hit Blocks": 116125,
              "Shared Read Blocks": 86269,
              "Shared Written Blocks": 0,
              "Startup Cost": 43776.09,
              "Temp Read Blocks": 0,
              "Temp Written Blocks": 0,
              "Total Cost": 43795.28,
              "Workers Launched": 2,
              "Workers Planned": 2
            }
          ],
          "Shared Dirtied Blocks": 0,
          "Shared Hit Blocks": 116125,
          "Shared Read Blocks": 86269,
          "Shared Written Blocks": 0,
          "Startup Cost": 43776.09,
          "Strategy": "Sorted",
          "Temp Read Blocks": 0,
          "Temp Written Blocks": 0,
          "Total Cost": 43798.53
        }
      ],
      "Shared Dirtied Blocks": 0,
      "Shared Hit Blocks": 116128,
      "Shared Read Blocks": 86269,
      "Shared Written Blocks": 0,
      "Sort Key": [
        "(sum((lineitem.l_extendedprice * ('1'::numeric - lineitem.l_discount)))) DESC"
      ],
      "Sort Method": "quicksort",
      "Sort Space Type": "Memory",
      "Sort Space Used": 25,
      "Startup Cost": 43804.82,
      "Temp Read Blocks": 0,
      "Temp Written Blocks": 0,
      "Total Cost": 43805.25
    },
    "Planning": {
      "Local Dirtied Blocks": 0,
      "Local Hit Blocks": 0,
      "Local Read Blocks": 0,
      "Local Written Blocks": 0,
      "Shared Dirtied Blocks": 0,
      "Shared Hit Blocks": 359,
      "Shared Read Blocks": 33,
      "Shared Written Blocks": 0,
      "Temp Read Blocks": 0,
      "Temp Written Blocks": 0
    },
    "Planning Time": 13.884,
    "Triggers": []
  }
]